
2022-01-09 18:54:43 INFO  API:45 - Post işlemi yapılıyor.
2022-01-09 18:58:34 INFO  API:46 - Post işlemi yapılıyor.
2022-01-09 18:59:28 INFO  API:46 - Post işlemi yapılıyor.
2022-01-09 20:08:27 INFO  API:46 - Post işlemi yapılıyor.
2022-01-09 20:10:15 INFO  API:46 - Post işlemi yapılıyor.
2022-01-09 20:11:32 INFO  API:46 - Post işlemi yapılıyor.
2022-01-09 20:12:06 INFO  API:46 - Post işlemi yapılıyor.
2022-01-09 20:12:59 INFO  API:46 - Post işlemi yapılıyor.
2022-01-09 20:18:17 INFO  API:74 - Post işlemi yapılıyor.
2022-01-09 20:23:47 INFO  API:74 - Post işlemi yapılıyor.
2022-01-09 20:24:24 INFO  API:74 - Post işlemi yapılıyor.
2022-01-09 20:24:41 INFO  API:74 - Post işlemi yapılıyor.
2022-01-09 20:26:06 INFO  API:74 - Post işlemi yapılıyor.
2022-01-09 20:26:38 INFO  API:74 - Post işlemi yapılıyor.
2022-01-09 20:29:47 INFO  API:99 - 
2022-01-09 20:30:16 INFO  API:99 - 
2022-01-09 20:31:49 INFO  API:99 - POST Process Working - 405 
2022-01-09 20:35:27 INFO  API:120 - POST Process Working - 400 
2022-01-09 20:38:10 INFO  API:36 - POST Process Working - 200 
2022-01-09 21:14:02 INFO  API:36 - POST Process Working - 200 
2022-01-09 21:14:59 INFO  API:36 - POST Process Working - 200 
2022-01-09 21:20:44 INFO  API:33 - POST Process Working - 200 
2022-01-09 21:31:08 INFO  API:28 - PUT Process Working - 200 
2022-01-09 21:31:51 INFO  API:28 - PUT Process Working - 200 
2022-01-09 21:32:31 INFO  API:28 - PUT Process Working - 200 
2022-01-09 21:33:29 INFO  API:28 - PUT Process Working - 200 
2022-01-09 21:36:22 INFO  API:28 - PUT Process Working - 200 
2022-01-09 21:39:35 INFO  API:29 - PUT Process Working - 200 
2022-01-09 21:39:56 INFO  API:29 - PUT Process Working - 200 
2022-01-09 21:56:15 INFO  API:60 - POST Process Working - 500 
2022-01-09 21:56:15 INFO  API:66 - POST Process with PetID
2022-01-09 21:58:16 INFO  API:29 - PUT Process Working - 200 
2022-01-09 21:58:16 INFO  API:35 - POST Process with PetID
2022-01-09 22:00:57 INFO  API:62 - POST Process Working - 500 
2022-01-09 22:00:57 INFO  API:70 - POST Process with PetID
2022-01-09 22:01:28 INFO  API:62 - POST Process Working - 500 
2022-01-09 22:01:28 INFO  API:70 - POST Process with PetID
2022-01-09 22:01:59 INFO  API:62 - POST Process Working - 500 
2022-01-09 22:01:59 INFO  API:70 - POST Process with PetID
2022-01-09 22:04:53 INFO  API:93 - POST Process Working - 405 
2022-01-09 22:05:57 INFO  API:93 - POST Process Working - 405 
2022-01-09 22:27:34 INFO  API:29 - PUT Process Working - 200 
2022-01-09 22:27:34 INFO  API:37 - POST Process with PetID
2022-01-09 22:35:55 INFO  API:27 - Get Find By Status Process Working - 200 
2022-01-09 22:35:55 INFO  API:35 - POST Process with PetID
2022-01-09 22:36:30 INFO  API:27 - Get Find By Status Process Working - 200 
2022-01-09 22:36:30 INFO  API:35 - POST Process with PetID
2022-01-09 22:37:24 INFO  API:27 - Get Find By Status Process Working - 200 
2022-01-09 22:37:24 INFO  API:35 - POST Process with PetID
2022-01-09 22:51:20 INFO  API:28 - Get Find By Status Process Working - 200 
2022-01-09 22:51:20 INFO  API:36 - POST Process with PetID
2022-01-09 22:53:43 INFO  API:60 - POST Process Working - 500 
2022-01-09 22:54:21 INFO  API:60 - POST Process Working - 500 
2022-01-09 22:58:42 INFO  API:28 - Get Find By Status Process Working - 200 
2022-01-09 22:58:42 INFO  API:36 - POST Process with PetID
2022-01-09 22:58:57 INFO  API:60 - Get Find By Status -Available- Process Working - 200 
2022-01-09 22:58:57 INFO  API:68 - POST Process with PetID
2022-01-09 22:59:01 INFO  API:92 - Get Find By Status -PENDING- Process Working - 200 
2022-01-09 22:59:01 INFO  API:100 - POST Process with PetID
2022-01-09 22:59:33 INFO  API:92 - Get Find By Status -PENDING- Process Working - 200 
2022-01-09 22:59:33 INFO  API:100 - POST Process with PetID
2022-01-09 23:05:29 INFO  API:27 - Get Find By Status Process Working - 200 
2022-01-09 23:05:29 INFO  API:35 - POST Process with PetID
2022-01-09 23:08:05 INFO  API:27 - Get Find By Status Process Working - 200 
2022-01-09 23:08:05 INFO  API:35 - POST Process with PetID
2022-01-09 23:08:43 INFO  API:27 - Get Find By Status Process Working - 200 
2022-01-09 23:08:43 INFO  API:35 - POST Process with PetID
2022-01-09 23:10:07 INFO  API:27 - Get Find By Status Process Working - 200 
2022-01-09 23:10:07 INFO  API:35 - POST Process with PetID
2022-01-09 23:15:20 INFO  API:27 - Get Find By Status Process Working - 200 
2022-01-09 23:15:20 INFO  API:35 - POST Process with PetID
2022-01-09 23:16:48 INFO  API:28 - Get Find By Status Process Working - 200 
2022-01-09 23:16:48 INFO  API:36 - POST Process with PetID
2022-01-09 23:21:08 INFO  API:28 - Get Find By Status Process Working - 200 
2022-01-09 23:21:08 INFO  API:36 - POST Process with PetID
2022-01-09 23:21:36 INFO  API:28 - Get Find By Status Process Working - 200 
2022-01-09 23:21:36 INFO  API:36 - POST Process with PetID
2022-01-09 23:22:10 INFO  API:28 - Get Find By Status Process Working - 200 
2022-01-09 23:22:10 INFO  API:36 - POST Process with PetID
2022-01-09 23:22:53 INFO  API:28 - Get Find By Status Process Working - 200 
2022-01-09 23:22:54 INFO  API:36 - POST Process with PetID
2022-01-09 23:26:15 INFO  API:28 - Get Find By Status Process Working - 200 
2022-01-09 23:26:15 INFO  API:36 - POST Process with PetID
2022-01-09 23:26:42 INFO  API:28 - Get Find By Status Process Working - 200 
2022-01-09 23:26:42 INFO  API:36 - POST Process with PetID
2022-01-09 23:27:13 INFO  API:28 - Get Find By Status Process Working - 200 
2022-01-09 23:27:13 INFO  API:36 - POST Process with PetID
2022-01-09 23:35:03 INFO  API:66 - Get Find By ID Also Status as Pending Process Working - 200 
2022-01-09 23:35:03 INFO  API:74 - POST Process with PetID
2022-01-09 23:35:10 INFO  API:79 - PUT Process with PetID
2022-01-09 23:35:44 INFO  API:66 - Get Find By ID Also Status as Pending Process Working - 200 
2022-01-09 23:35:44 INFO  API:74 - POST Process with PetID
2022-01-09 23:35:49 INFO  API:79 - PUT Process with PetID
2022-01-09 23:36:16 INFO  API:102 - Get Find By ID Also Status as Available Process Working - 200 
2022-01-09 23:36:16 INFO  API:110 - POST Process with PetID
2022-01-09 23:36:20 INFO  API:115 - PUT Process with PetID
2022-01-09 23:37:01 INFO  API:102 - Get Find By ID Also Status as Available Process Working - 200 
2022-01-09 23:37:01 INFO  API:110 - POST Process with PetID
2022-01-09 23:37:06 INFO  API:115 - PUT Process with PetID
2022-01-09 23:37:59 INFO  API:102 - Get Find By ID Also Status as Available Process Working - 200 
2022-01-09 23:37:59 INFO  API:110 - POST Process with PetID
2022-01-09 23:38:03 INFO  API:115 - PUT Process with PetID
2022-01-09 23:39:08 INFO  API:102 - Get Find By ID Also Status as Available Process Working - 200 
2022-01-09 23:39:08 INFO  API:110 - POST Process with PetID
2022-01-09 23:39:15 INFO  API:115 - PUT Process with PetID
2022-01-09 23:40:20 INFO  API:102 - Get Find By ID Also Status as Available Process Working - 200 
2022-01-09 23:40:20 INFO  API:110 - POST Process with PetID
2022-01-09 23:40:51 INFO  API:102 - Get Find By ID Also Status as Available Process Working - 200 
2022-01-09 23:40:51 INFO  API:110 - POST Process with PetID
2022-01-09 23:41:31 INFO  API:102 - Get Find By ID Also Status as Available Process Working - 200 
2022-01-09 23:41:31 INFO  API:110 - POST Process with PetID
2022-01-09 23:53:07 INFO  API:29 - DELETE Process Working - 200 
2022-01-09 23:53:07 INFO  API:37 - POST Process with PetID
2022-01-09 23:54:25 INFO  API:29 - DELETE Process Working - 200 
2022-01-09 23:54:25 INFO  API:37 - POST Process with PetID
2022-01-09 23:55:07 INFO  API:29 - DELETE Process Working - 200 
2022-01-09 23:55:07 INFO  API:37 - POST Process with PetID
2022-01-09 23:55:41 INFO  API:29 - DELETE Process Working - 200 
2022-01-09 23:55:41 INFO  API:37 - POST Process with PetID
2022-01-09 23:56:25 INFO  API:29 - DELETE Process Working - 200 
2022-01-09 23:56:25 INFO  API:37 - POST Process with PetID
2022-01-09 23:58:06 INFO  API:30 - DELETE Process Working - 200 
2022-01-09 23:58:06 INFO  API:38 - POST Process with PetID
2022-01-09 23:58:11 INFO  API:43 - PUT Process with PetID
2022-01-10 00:01:13 INFO  API:30 - DELETE Process Working - 200 
2022-01-10 00:01:13 INFO  API:38 - POST Process with PetID
2022-01-10 00:01:27 INFO  API:43 - PUT Process with PetID
2022-01-10 00:04:45 INFO  API:30 - DELETE Process Working - 200 
2022-01-10 00:04:45 INFO  API:38 - POST Process with PetID
2022-01-10 00:04:49 INFO  API:43 - PUT Process with PetID
2022-01-10 00:05:58 INFO  API:30 - DELETE Process Working - 200 
2022-01-10 00:05:58 INFO  API:38 - POST Process with PetID
2022-01-10 00:06:04 INFO  API:43 - PUT Process with PetID
2022-01-10 00:08:12 INFO  API:30 - DELETE Process Working - 200 
2022-01-10 00:08:12 INFO  API:38 - POST Process with PetID
2022-01-10 00:08:19 INFO  API:43 - PUT Process with PetID
2022-01-10 00:08:27 INFO  API:28 - Get Find By ID Also Status as Sold Process Working - 200 
2022-01-10 00:08:27 INFO  API:36 - POST Process with PetID
2022-01-10 00:08:28 INFO  API:41 - PUT Process with PetID
2022-01-10 00:08:40 INFO  API:66 - Get Find By ID Also Status as Pending Process Working - 200 
2022-01-10 00:08:40 INFO  API:74 - POST Process with PetID
2022-01-10 00:08:41 INFO  API:79 - PUT Process with PetID
2022-01-10 00:08:54 INFO  API:27 - Get Find By Status Process Working - 200 
2022-01-10 00:08:54 INFO  API:35 - POST Process with PetID
2022-01-10 00:08:58 INFO  API:59 - Get Find By Status -Available- Process Working - 200 
2022-01-10 00:08:58 INFO  API:67 - POST Process with PetID
2022-01-10 00:09:02 INFO  API:91 - Get Find By Status -PENDING- Process Working - 200 
2022-01-10 00:09:02 INFO  API:99 - POST Process with PetID
2022-01-10 00:09:06 INFO  API:29 - POST Process Working - 200 
2022-01-10 00:09:07 INFO  API:56 - POST Process Working - 500 
2022-01-10 00:09:08 INFO  API:81 - POST Process Working - 405 
2022-01-10 00:09:09 INFO  API:29 - PUT Process Working - 200 
2022-01-10 00:09:09 INFO  API:37 - POST Process with PetID
2022-01-10 00:09:10 INFO  API:62 - POST Process Working - 500 
2022-01-10 00:09:10 INFO  API:70 - POST Process with PetID
2022-01-10 00:09:12 INFO  API:93 - POST Process Working - 405 
2022-01-10 00:10:04 INFO  API:28 - Get Find By ID Also Status as Sold Process Working - 200 
2022-01-10 00:10:04 INFO  API:36 - POST Process with PetID
2022-01-10 00:10:10 INFO  API:41 - PUT Process with PetID
2022-01-10 00:10:23 INFO  API:66 - Get Find By ID Also Status as Pending Process Working - 200 
2022-01-10 00:10:23 INFO  API:74 - POST Process with PetID
2022-01-10 00:10:24 INFO  API:79 - PUT Process with PetID
2022-01-10 00:10:50 INFO  API:30 - DELETE Process Working - 200 
2022-01-10 00:10:50 INFO  API:38 - POST Process with PetID
2022-01-10 00:10:51 INFO  API:28 - Get Find By ID Also Status as Sold Process Working - 200 
2022-01-10 00:10:51 INFO  API:36 - POST Process with PetID
2022-01-10 00:10:51 INFO  API:66 - Get Find By ID Also Status as Pending Process Working - 200 
2022-01-10 00:10:51 INFO  API:74 - POST Process with PetID
2022-01-10 00:10:51 INFO  API:27 - Get Find By Status Process Working - 200 
2022-01-10 00:10:51 INFO  API:35 - POST Process with PetID
2022-01-10 00:10:51 INFO  API:59 - Get Find By Status -Available- Process Working - 200 
2022-01-10 00:10:51 INFO  API:67 - POST Process with PetID
2022-01-10 00:10:51 INFO  API:91 - Get Find By Status -PENDING- Process Working - 200 
2022-01-10 00:10:51 INFO  API:99 - POST Process with PetID
2022-01-10 00:10:51 INFO  API:29 - POST Process Working - 200 
2022-01-10 00:10:51 INFO  API:56 - POST Process Working - 500 
2022-01-10 00:10:51 INFO  API:81 - POST Process Working - 405 
2022-01-10 00:10:51 INFO  API:29 - PUT Process Working - 200 
2022-01-10 00:10:51 INFO  API:37 - POST Process with PetID
2022-01-10 00:10:51 INFO  API:62 - POST Process Working - 500 
2022-01-10 00:10:51 INFO  API:70 - POST Process with PetID
2022-01-10 00:10:51 INFO  API:93 - POST Process Working - 405 
2022-01-10 00:11:22 INFO  API:30 - DELETE Process Working - 200 
2022-01-10 00:11:22 INFO  API:38 - POST Process with PetID
2022-01-10 00:11:26 INFO  API:43 - PUT Process with PetID
2022-01-10 00:11:34 INFO  API:28 - Get Find By ID Also Status as Sold Process Working - 200 
2022-01-10 00:11:34 INFO  API:36 - POST Process with PetID
2022-01-10 00:11:35 INFO  API:41 - PUT Process with PetID
2022-01-10 00:11:48 INFO  API:66 - Get Find By ID Also Status as Pending Process Working - 200 
2022-01-10 00:11:48 INFO  API:74 - POST Process with PetID
2022-01-10 00:11:49 INFO  API:79 - PUT Process with PetID
2022-01-10 00:12:01 INFO  API:27 - Get Find By Status Process Working - 200 
2022-01-10 00:12:01 INFO  API:35 - POST Process with PetID
2022-01-10 00:12:06 INFO  API:59 - Get Find By Status -Available- Process Working - 200 
2022-01-10 00:12:06 INFO  API:67 - POST Process with PetID
2022-01-10 00:12:10 INFO  API:91 - Get Find By Status -PENDING- Process Working - 200 
2022-01-10 00:12:10 INFO  API:99 - POST Process with PetID
2022-01-10 00:12:18 INFO  API:29 - POST Process Working - 200 
2022-01-10 00:12:19 INFO  API:56 - POST Process Working - 500 
2022-01-10 00:12:21 INFO  API:81 - POST Process Working - 405 
2022-01-10 00:12:22 INFO  API:29 - PUT Process Working - 200 
2022-01-10 00:12:22 INFO  API:37 - POST Process with PetID
2022-01-10 00:12:24 INFO  API:62 - POST Process Working - 500 
2022-01-10 00:12:24 INFO  API:70 - POST Process with PetID
2022-01-10 00:12:26 INFO  API:93 - POST Process Working - 405 
2022-01-17 10:54:48 INFO  API:29 - POST Process Working - 200 
2022-01-17 10:54:54 INFO  API:56 - POST Process Working - 500 
2022-01-17 10:54:55 INFO  API:81 - POST Process Working - 405 
2022-01-17 10:55:43 INFO  API:30 - DELETE Process Working - 200 
2022-01-17 10:55:43 INFO  API:38 - POST Process with PetID
2022-01-17 10:55:47 INFO  API:43 - PUT Process with PetID
2022-01-17 10:56:19 INFO  API:30 - DELETE Process Working - 200 
2022-01-17 10:56:19 INFO  API:38 - POST Process with PetID
2022-01-17 10:56:23 INFO  API:43 - PUT Process with PetID
2022-01-17 12:28:37 INFO  API:30 - DELETE Process Working - 200 
2022-01-17 12:28:37 INFO  API:38 - POST Process with PetID
2022-01-17 12:28:42 INFO  API:43 - PUT Process with PetID
2022-01-17 12:29:10 INFO  API:30 - DELETE Process Working - 200 
2022-01-17 12:29:10 INFO  API:38 - POST Process with PetID
2022-01-17 12:29:15 INFO  API:43 - PUT Process with PetID
2022-01-17 12:29:23 INFO  API:28 - Get Find By ID Also Status as Sold Process Working - 200 
2022-01-17 12:29:23 INFO  API:36 - POST Process with PetID
2022-01-17 12:29:24 INFO  API:41 - PUT Process with PetID
2022-01-17 12:29:37 INFO  API:66 - Get Find By ID Also Status as Pending Process Working - 200 
2022-01-17 12:29:37 INFO  API:74 - POST Process with PetID
2022-01-17 12:29:38 INFO  API:79 - PUT Process with PetID
2022-01-17 12:29:51 INFO  API:27 - Get Find By Status Process Working - 200 
2022-01-17 12:29:51 INFO  API:35 - POST Process with PetID
2022-01-17 12:29:55 INFO  API:59 - Get Find By Status -Available- Process Working - 200 
2022-01-17 12:29:55 INFO  API:67 - POST Process with PetID
2022-01-17 12:29:59 INFO  API:91 - Get Find By Status -PENDING- Process Working - 200 
2022-01-17 12:29:59 INFO  API:99 - POST Process with PetID
2022-01-17 12:30:03 INFO  API:29 - POST Process Working - 200 
2022-01-17 12:30:04 INFO  API:56 - POST Process Working - 500 
2022-01-17 12:30:05 INFO  API:81 - POST Process Working - 405 
2022-01-17 12:30:06 INFO  API:29 - PUT Process Working - 200 
2022-01-17 12:30:06 INFO  API:37 - POST Process with PetID
2022-01-17 12:30:08 INFO  API:62 - POST Process Working - 500 
2022-01-17 12:30:08 INFO  API:70 - POST Process with PetID
2022-01-17 12:30:10 INFO  API:93 - POST Process Working - 405 
2022-01-17 14:23:28 INFO  API:23 - DELETE Process Working - 200 
2022-01-17 14:23:28 INFO  API:28 - POST Process with PetID
2022-01-17 14:23:33 INFO  API:31 - PUT Process with PetID
2022-01-17 14:23:40 INFO  API:25 - Get Find By ID Also Status as Sold Process Working - 200 
2022-01-17 14:23:40 INFO  API:30 - POST Process with PetID
2022-01-17 14:23:41 INFO  API:34 - PUT Process with PetID
2022-01-17 14:23:54 INFO  API:52 - Get Find By ID Also Status as Pending Process Working - 200 
2022-01-17 14:23:54 INFO  API:57 - POST Process with PetID
2022-01-17 14:23:55 INFO  API:61 - PUT Process with PetID
2022-01-17 14:24:08 INFO  API:24 - Get Find By Status Process Working - 200 
2022-01-17 14:24:08 INFO  API:29 - POST Process with PetID
2022-01-17 14:24:12 INFO  API:48 - Get Find By Status -Available- Process Working - 200 
2022-01-17 14:24:12 INFO  API:53 - POST Process with PetID
2022-01-17 14:24:17 INFO  API:72 - Get Find By Status -PENDING- Process Working - 200 
2022-01-17 14:24:17 INFO  API:77 - POST Process with PetID
2022-01-17 14:24:20 INFO  API:23 - POST Process Working - 200 
2022-01-17 14:24:21 INFO  API:44 - POST Process Working - 500 
2022-01-17 14:24:22 INFO  API:65 - POST Process Working - 405 
2022-01-17 14:24:23 INFO  API:23 - PUT Process Working - 200 
2022-01-17 14:24:23 INFO  API:28 - POST Process with PetID
2022-01-17 14:24:25 INFO  API:47 - POST Process Working - 500 
2022-01-17 14:24:25 INFO  API:52 - POST Process with PetID
2022-01-17 14:24:27 INFO  API:70 - POST Process Working - 405 
